<<<<<<< HEAD
<<<<<<< HEAD
<<<<<<< HEAD
exit status 1
=======
exit status 1exit status 1
>>>>>>> 6c80619 (parent 28de4bb86f3cc43b87effbafe551f14edf353ba1)
=======
=======
>>>>>>> 31826c9 (Resolving branches)
exit status 1exit status 1
=======
exit status 1
>>>>>>> 627bad0 (Wait is the pipeline already done?)
<<<<<<< HEAD
>>>>>>> 300ce77 (Wait is the pipeline already done?)
=======
=======
exit status 1
=======
exit status 1exit status 1
>>>>>>> 6c80619 (parent 28de4bb86f3cc43b87effbafe551f14edf353ba1)
>>>>>>> 15f281c (Resolving branches)
>>>>>>> 31826c9 (Resolving branches)
